[16-06-04 19:11:05] Info: Compiling Coaster Goodies to bin/build-160604191105556.dll...
[16-06-04 19:11:05] Info: Compiling from `ModSparkLoader.csproj`.
[16-06-04 19:11:05] Info: Resolved assembly reference `Assembly-CSharp` to `c:/program files (x86)/steam\SteamApps\common\Parkitect\Parkitect_Data\Managed\Assembly-CSharp.dll`
[16-06-04 19:11:05] Info: IGNORING assembly reference `Depender`
[16-06-04 19:11:05] Info: Resolved assembly reference `System` to `System.dll`
[16-06-04 19:11:05] Info: Resolved assembly reference `System.Core` to `System.Core.dll`
[16-06-04 19:11:05] Info: Resolved assembly reference `System.Data` to `System.Data.dll`
[16-06-04 19:11:05] Info: Resolved assembly reference `System.Data.DataSetExtensions` to `System.Data.DataSetExtensions.dll`
[16-06-04 19:11:05] Info: Resolved assembly reference `System.Xml` to `System.Xml.dll`
[16-06-04 19:11:05] Info: Resolved assembly reference `System.Xml.Linq` to `System.Xml.Linq.dll`
[16-06-04 19:11:05] Info: Resolved assembly reference `UnityEngine` to `c:/program files (x86)/steam\SteamApps\common\Parkitect\Parkitect_Data\Managed\UnityEngine.dll`
[16-06-04 19:11:05] Info: Resolved assembly reference `UnityEngine.UI` to `c:/program files (x86)/steam\SteamApps\common\Parkitect\Parkitect_Data\Managed\UnityEngine.UI.dll`
[16-06-04 19:11:05] Info: Source files: ModSparkLoader\FlatRideLoader.cs, ModSparkLoader\Main.cs, ModSparkLoader\ModLoader.cs from `C:\Users\karni\Documents\Parkitect\pnmods\Coaster Goodies`.
[16-06-04 19:11:05] Info: Compile using compiler version v3.5.
[16-06-04 18:01:43] Info: Loaded build-160604180131564, Version=0.0.0.0, Culture=neutral, PublicKeyToken=null.
[16-06-04 18:01:43] Info: Sucessfully registered Custom_Scenery.Main to the mod manager.
[16-06-04 19:09:40] Info: Loaded build-160604190928144, Version=0.0.0.0, Culture=neutral, PublicKeyToken=null.
[16-06-04 19:09:40] Info: Sucessfully registered Custom_Scenery.Main to the mod manager.
[16-06-04 19:11:17] Info: Loaded build-160604191105556, Version=0.0.0.0, Culture=neutral, PublicKeyToken=null.
[16-06-04 19:11:17] Info: Sucessfully registered Custom_Scenery.Main to the mod manager.
